2024-08-23 10:15:30.123 |INFO |USER-SERVICE |localhost |key11 - This is a test log message.
Error processing message: {"timestamp":"2024-09-24 16:50:41","source":{"service":"funeral-service","host":"LAPTOP-IVAF39DT/192.168.10.100","ip":"192.168.10.100"},"data":{"result":{"duration":15,"status":null},"url":"/funeral/v1/operator/funeral/place-detail-update","operator":{"division":"KT","agent":null,"ip":null,"name":"leesangho","id":null,"type":"ADMIN"}}}
Error processing message: {"timestamp":"2024-09-24 16:54:57","source":{"service":"funeral-service","host":"LAPTOP-IVAF39DT/192.168.10.100","ip":"192.168.10.100"},"data":{"result":{"duration":18,"status":null},"url":"/funeral/v1/operator/funeral/place-detail-update","operator":{"division":"KT","agent":null,"ip":null,"name":"leesangho","id":null,"type":"ADMIN"}}}
Error processing message: {
  "timestamp": "2024-09-24 16:54:57",
  "source": {
    "service": "funeral-service",
    "host": "LAPTOP-IVAF39DT/192.168.10.100",
    "ip": "192.168.10.100"
  },
  "data": {
  "operator": {
      "division": "KT",
      "agent": null,
      "ip": null,
      "name": "leesangho",
      "id": null,
      "type": "ADMIN"
    },
    "url": "/funeral/v1/operator/funeral/place-detail-update",
    "result": {
      "duration": 18,
      "status": null
    }
  }
}
Error processing message: {
  "timestamp": "2024-09-24 16:54:57",
  "source": {
    "service": "funeral-service",
    "host": "LAPTOP-IVAF39DT/192.168.10.100",
    "ip": "192.168.10.100"
  },
  "data": {
  "operator": {
      "division": "KT",
      "agent": null,
      "ip": null,
      "name": "leesangho",
      "id": null,
      "type": "ADMIN"
    },
    "url": "/funeral/v1/operator/funeral/place-detail-update",
    "result": {
      "duration": 18,
      "status": null
    }
  }
}
Error processing message: {
  "timestamp": "2024-09-24 16:54:57",
  "source": {
    "service": "funeral-service",
    "host": "LAPTOP-IVAF39DT/192.168.10.100",
    "ip": "192.168.10.100"
  },
  "data": {
  "operator": {
      "division": "KT",
      "agent": null,
      "ip": null,
      "name": "leesangho",
      "id": null,
      "type": "ADMIN"
    },
    "url": "/funeral/v1/operator/funeral/place-detail-update",
    "result": {
      "duration": 18,
      "status": null
    }
  }
}
2024-09-24 16:54:57 |ERROR |funeral-service |LAPTOP-IVAF39DT/192.168.10.100 - Error processing message: Cannot invoke "com.tisquare.petcare.log.dto.OperatorEventDto$Event.getName()" because the return value of "com.tisquare.petcare.log.dto.OperatorEventDto.getEvent()" is null
Invalid message received: {
  "timestamp": "2024-09-24 16:54:57",
  "source": {
    "service": "funeral-service",
    "host": "LAPTOP-IVAF39DT/192.168.10.100",
    "ip": "192.168.10.100",
  "data": {
    "operator": {
      "division": "KT",
      "agent": "chrome"
    }
  }

Error processing message: {
  "timestamp": "2024-09-24 16:54:57",
  "source": {
    "service": "funeral-service",
    "host": "LAPTOP-IVAF39DT/192.168.10.100",
    "ip": "192.168.10.100",
  "data": {
    "operator": {
      "division": "KT",
      "agent": "chrome"
    }
  }
 - Unexpected end-of-input: expected close marker for Object (start marker at [Source: REDACTED (`StreamReadFeature.INCLUDE_SOURCE_IN_LOCATION` disabled); line: 3, column: 13])
 at [Source: REDACTED (`StreamReadFeature.INCLUDE_SOURCE_IN_LOCATION` disabled); line: 13, column: 1]
Error processing message: {
  "timestamp": "2024-09-24 16:54:57",
  "source": {
    "service": "funeral-service",
    "host": "LAPTOP-IVAF39DT/192.168.10.100",
    "ip": "192.168.10.100",
  "data": {
    "operator": {
      "division": "KT",
      "agent": "chrome"
    }
  }
 - Unexpected end-of-input: expected close marker for Object (start marker at [Source: REDACTED (`StreamReadFeature.INCLUDE_SOURCE_IN_LOCATION` disabled); line: 3, column: 13])
 at [Source: REDACTED (`StreamReadFeature.INCLUDE_SOURCE_IN_LOCATION` disabled); line: 13, column: 1]
Error processing message: {
  "timestamp": "2024-09-24 16:54:57",
  "source": {
    "service": "funeral-service",
    "host": "LAPTOP-IVAF39DT/192.168.10.100",
    "ip": "192.168.10.100",
  "data": {
    "operator": {
      "division": "KT",
      "agent": "chrome"
    }
  }
 - Unexpected end-of-input: expected close marker for Object (start marker at [Source: REDACTED (`StreamReadFeature.INCLUDE_SOURCE_IN_LOCATION` disabled); line: 3, column: 13])
 at [Source: REDACTED (`StreamReadFeature.INCLUDE_SOURCE_IN_LOCATION` disabled); line: 13, column: 1]
Error processing message: [Invalid JSON] - Error: Unexpected end-of-input: expected close marker for Object (start marker at [Source: REDACTED (`StreamReadFeature.INCLUDE_SOURCE_IN_LOCATION` disabled); line: 3, column: 13])
 at [Source: REDACTED (`StreamReadFeature.INCLUDE_SOURCE_IN_LOCATION` disabled); line: 13, column: 1]
Error processing message: [Invalid JSON] - Error: Unexpected end-of-input: expected close marker for Object (start marker at [Source: REDACTED (`StreamReadFeature.INCLUDE_SOURCE_IN_LOCATION` disabled); line: 3, column: 13])
 at [Source: REDACTED (`StreamReadFeature.INCLUDE_SOURCE_IN_LOCATION` disabled); line: 13, column: 1]
2024-09-24 16:54:57 |ERROR |funeral-service |LAPTOP-IVAF39DT/192.168.10.100 - processing message: NullPointerException: Cannot invoke "com.tisquare.petcare.log.dto.OperatorEventDto$Event.getName()" because the return value of "com.tisquare.petcare.log.dto.OperatorEventDto.getEvent()" is null
Error processing message: [Invalid JSON] - Error: Unexpected end-of-input: expected close marker for Object (start marker at [Source: REDACTED (`StreamReadFeature.INCLUDE_SOURCE_IN_LOCATION` disabled); line: 3, column: 13])
 at [Source: REDACTED (`StreamReadFeature.INCLUDE_SOURCE_IN_LOCATION` disabled); line: 12, column: 4]
