2023-08-23 10:15:30.123 |ktadmin(KT ADMIN) |SUCCESS |operator.privacy.created |ddddd(partner manager) |successful
2023-08-23 10:15:30.123 |ktadmin(KT ADMIN) |SUCCESS |ddddd(partner manager) 권한 부여 |successful
2023-08-23 10:15:30.123 |ktadmin(KT ADMIN) |SUCCESS |ddddd(partner manager) 권한 회수 |successful
2023-08-23 10:15:30.123 |SUCCESS |권한 부여 |ktadmin(KT ADMIN) -> 김철수(partner manager) |successful
2023-08-23 10:15:30.123 |SUCCESS |권한 부여 |ktadmin(KT ADMIN) -> 김철수(partner manager) |successful








2023-08-23 10:15:30.123 |SUCCESS |권한 부여 |ktadmin(KT ADMIN) -> 김철수(partner manager) |successful
2023-08-23 10:15:30.123 |SUCCESS |권한 부여 |ktadmin(KT ADMIN) -> 김철수(partner manager) |successful
2023-08-23 10:15:30.123 |SUCCESS |권한 부여 |ktadmin(KT ADMIN) -> 김철수(partner manager) |successful
2023-08-23 10:15:30.123 |SUCCESS |권한 부여 |ktadmin(KT ADMIN) -> 김철수(partner manager) |successful






2023-08-23 10:15:30.123 |SUCCESS |권한 부여 |ktadmin(KT ADMIN) -> 김철수(partner manager) |successful



















2023-08-23 10:15:30.123 |SUCCESS |권한 부여 |ktadmin(KT ADMIN) -> 김철수(partner manager) |successful
2023-08-23 10:15:30.123 |SUCCESS |권한 부여 |ktadmin(
KT ADMIN) -> 김철수(partner manager) |successful
Role Management Log: OperatorEventDto(operator=OperatorEventDto.Operator(id=heysh, name=ktadmin, division=KT, type=KT ADMIN, ip=210.120.111.10, agent=chrome), url=http://example.com, event=OperatorEventDto.Event(name=privacy authorization created, status=SUCCESS, resCode=200, resMessage=successful, duration=123, customData={uri=/signup, phone=010-1234-5678}), security=OperatorEventDto.Security(target=김철수, targetType=partner manager))








Role Management Log: OperatorEventDto(operator=OperatorEventDto.Operator(id=heysh, name=ktadmin, division=KT, type=KT ADMIN, ip=210.120.111.10, agent=chrome), url=http://example.com, event=OperatorEventDto.Event(name=privacy authorization created, status=SUCCESS, resCode=200, resMessage=successful, duration=123, customData={uri=/signup, phone=010-1234-5678}), security=OperatorEventDto.Security(target=김철수, targetType=partner manager))
2023-08-23 10:15:30.123 |SUCCESS |권한 부여 |ktadmin(KT ADMIN) -> 김철수(partner manager) |successful
2023-08-23 10:15:30.123 |SUCCESS |권한 부여 |ktadmin(KT ADMIN) -> 김철수(partner manager) |successful
2023-08-23 10:15:30.123 |SUCCESS |권한 부여 |ktadmin(KT ADMIN) -> 김철수(partner manager) |successful
2023-08-23 10:15:30.123 |SUCCESS |권한 부여 |ktadmin(KT ADMIN) -> 김철수(partner manager) |successful
2024-09-23 17:43:30.123 |SUCCESS |권한 부여 |홍길동(KT ADMIN) -> 으으(오오) |성공
2024-09-23 17:43:30.123 |SUCCESS |권한 부여 |홍길동(KT ADMIN) -> 으으(오오) |성공
2024-09-23 17:43:30.123 |SUCCESS |권한 부여 |홍길동(KT ADMIN) -> 김철수(PARTNER MANAGER) |성공
2024-09-23 17:43:30.123 |SUCCESS |권한 회수 |홍길동(KT ADMIN) -> 김철수(PARTNER MANAGER) |성공
2024-09-23 17:43:30.123 |SUCCESS |권한 회수 |홍길동(KT ADMIN) -> 김철수(PARTNER MANAGER) |성공




2024-09-23 17:43:30.123 |SUCCESS |권한 부여 |홍길동(KT ADMIN) -> 김철수(PARTNER MANAGER) |성공
2024-09-23 17:43:30.123 |SUCCESS |권한 회수 |홍길동(KT ADMIN) -> 김철수(PARTNER MANAGER) |성공

















2024-09-23 17:43:30.123 |권한 부여 |홍길동(KT ADMIN) -> 김철수(PARTNER MANAGER) |성공
2024-09-23 17:43:30.123 |권한 부여 |홍길동(KT ADMIN) -> 김철수(PARTNER MANAGER) |성공
2024-09-23 17:43:30.123 |권한 부여 |홍길동(KT ADMIN) -> 김철수(PARTNER MANAGER) |성공
2024-09-23 17:43:30.123 |권한 부여 |홍길동(KT ADMIN) -> 김철수(PARTNER MANAGER) |성공
2024-09-23 17:43:30.123 |권한 부여 |홍길동(KT ADMIN) -> 김철수(PARTNER MANAGER) |성공
2024-09-23 17:43:30.123 |권한 부여 |홍길동(KT ADMIN) -> 김철수(PARTNER MANAGER) |성공
2024-09-23 17:43:30.123 |권한 부여 |홍길동(KT ADMIN) -> 김철수(PARTNER MANAGER) |성공
2024-09-23 17:43:30.123 |권한 부여 |홍길동(KT ADMIN) -> 김철수(PARTNER MANAGER) |성공
2024-09-23 17:43:30.123 |권한 부여 |홍길동(KT ADMIN) -> 김철수(PARTNER MANAGER) |성공
2024-09-23 17:43:30.123 |권한 부여 |홍길동(KT ADMIN) -> 김철수(PARTNER MANAGER) |성공
2024-09-23 17:43:30.123 |권한 부여 |홍길동(KT ADMIN) -> 김철수(PARTNER MANAGER) |성공
2024-09-23 17:43:30.123 |권한 부여 |홍길동(KT ADMIN) -> 김철수(PARTNER MANAGER) |성공
2024-09-23 17:43:30.123 |권한 부여 |홍길동(KT ADMIN) -> 김철수(

PARTNER MANAGER) |성공
2024-09-23 17:43:30.123 |권한 부여 |홍길동(KT ADMIN) -> 김철수(PARTNER MANAGER) |성공



2024-09-23 17:43:30.123 |권한 부여 |홍길동(KT ADMIN) -> 김철수(PARTNER MANAGER) |성공
2024-09-23 17:43:30.123 |권한 부여 |홍길동(KT ADMIN) -> null(null) |성공
2024-09-23 17:43:30.123 |권한 부여 |홍길동(KT ADMIN) -> null(null) |성공
2024-09-23 17:43:30.123 |권한 부여 |홍길동(KT ADMIN) -> 김철수(PARTNER MANAGER) |성공
2024-09-23 17:43:30.123 |권한 부여 |홍길동(KT ADMIN) -> 김철수(PARTNER MANAGER) |성공
2024-09-23 17:43:30.123 |권한 부여 |홍길동(KT ADMIN) -> 김철수(PARTNER MANAGER) |성공
2024-09-23 17:43:30.123 |권한 부여 |홍길동(KT ADMIN) -> 김철수(PARTNER MANAGER) |성공
2024-09-23 17:43:30.123 |권한 부여 |홍길동(KT ADMIN) -> 김철수(PARTNER MANAGER) |성공
2024-09-23 17:43:30.123 |권한 부여 |홍길동(KT ADMIN) -> 김철수(PARTNER MANAGER) |성공


{"timestamp":"2024-09-23 17:43:30.123","source":{"service":"user-service","host":"localhost","ip":"127.0.0.1"},"data":{"operator":{"id":"heysh","name":"홍길동","division":"KT","type":"KT ADMIN","ip":"210.120.111.10","agent":"chrome"},"url":"http://example.com","event":{"name":"운영자 등록","status":"SUCCESS","resCode":"200","resMessage":"성공","duration":"123","customData":{}},"security":{"target":"김철수","targetType":"PARTNER MANAGER"}}}
{"timestamp":"2024-09-23 17:43:30.123","source":{"service":"user-service","host":"localhost","ip":"127.0.0.1"},"data":{"operator":{"id":"heysh","name":"홍길동","division":"KT","type":"KT ADMIN","ip":"210.120.111.10","agent":"chrome"},"url":"http://example.com","event":{"name":"운영자 등록","status":"SUCCESS","resCode":"200","resMessage":"성공","duration":"123","customData":{}},"security":{"target":"김철수","targetType":"PARTNER MANAGER"}}}
